0 info it worked if it ends with ok
1 verbose cli [ 'node', '/Users/barka12/.nvm/v0.10.41/bin/npm', 'i' ]
2 info using npm@2.14.13
3 info using node@v0.10.41
4 verbose config Skipping project config: /Users/barka12/.npmrc. (matches userconfig)
5 verbose readDependencies loading dependencies from /Users/barka12/package.json
6 error install Couldn't read dependencies
7 verbose stack Error: ENOENT, open '/Users/barka12/package.json'
8 verbose cwd /Users/barka12/projects/hackathon/lunch-roulette
9 error Darwin 15.3.0
10 error argv "node" "/Users/barka12/.nvm/v0.10.41/bin/npm" "i"
11 error node v0.10.41
12 error npm  v2.14.13
13 error path /Users/barka12/package.json
14 error code ENOPACKAGEJSON
15 error errno 34
16 error package.json ENOENT, open '/Users/barka12/package.json'
16 error package.json This is most likely not a problem with npm itself.
16 error package.json npm can't find a package.json file in your current directory.
17 verbose exit [ 34, true ]
